Using pre-set license
Built from '2020.3/staging' branch; Version is '2020.3.17f1 (a4537701e4ab) revision 10769271'; Using compiler version '192528614'; Build Type 'Release'
OS: 'Windows 10 Pro; OS build 19043.1165; Version 2009; 64bit' Language: 'fr' Physical Memory: 16267 MB
BatchMode: 1, IsHumanControllingUs: 0, StartBugReporterOnCrash: 0, Is64bit: 1, IsPro: 0

COMMAND LINE ARGUMENTS:
E:\Unity\2020.3.17f1\Editor\Unity.exe
-adb2
-batchMode
-noUpm
-name
AssetImportWorker1
-projectPath
C:/Users/mj_si/Desktop/Create with Code/Junior Programmer Pathway/Programming-Theory-Repo/Theory Programming Repo
-logFile
Logs/AssetImportWorker1.log
-srvPort
49931
Successfully changed project path to: C:/Users/mj_si/Desktop/Create with Code/Junior Programmer Pathway/Programming-Theory-Repo/Theory Programming Repo
C:/Users/mj_si/Desktop/Create with Code/Junior Programmer Pathway/Programming-Theory-Repo/Theory Programming Repo
Using Asset Import Pipeline V2.
Refreshing native plugins compatible for Editor in 120.89 ms, found 2 plugins.
Preloading 0 native plugins for Editor in 0.00 ms.
Initialize engine version: 2020.3.17f1 (a4537701e4ab)
[Subsystems] Discovering subsystems at path E:/Unity/2020.3.17f1/Editor/Data/Resources/UnitySubsystems
[Subsystems] Discovering subsystems at path C:/Users/mj_si/Desktop/Create with Code/Junior Programmer Pathway/Programming-Theory-Repo/Theory Programming Repo/Assets
GfxDevice: creating device client; threaded=0
Direct3D:
    Version:  Direct3D 11.0 [level 11.1]
    Renderer: NVIDIA GeForce GTX 1070 (ID=0x1ba1)
    Vendor:   
    VRAM:     8081 MB
    Driver:   30.0.14.7196
Initialize mono
Mono path[0] = 'E:/Unity/2020.3.17f1/Editor/Data/Managed'
Mono path[1] = 'E:/Unity/2020.3.17f1/Editor/Data/MonoBleedingEdge/lib/mono/unityjit'
Mono config path = 'E:/Unity/2020.3.17f1/Editor/Data/MonoBleedingEdge/etc'
Using monoOptions --debugger-agent=transport=dt_socket,embedding=1,server=y,suspend=n,address=127.0.0.1:56616
Begin MonoManager ReloadAssembly
Registering precompiled unity dll's ...
Register platform support module: E:/Unity/2020.3.17f1/Editor/Data/PlaybackEngines/WebGLSupport/UnityEditor.WebGL.Extensions.dll
Register platform support module: E:/Unity/2020.3.17f1/Editor/Data/PlaybackEngines/WindowsStandaloneSupport/UnityEditor.WindowsStandalone.Extensions.dll
Registered in 0.001772 seconds.
Native extension for WindowsStandalone target not found
Native extension for WebGL target not found
Refreshing native plugins compatible for Editor in 83.43 ms, found 2 plugins.
Preloading 0 native plugins for Editor in 0.00 ms.
Mono: successfully reloaded assembly
- Completed reload, in  9.349 seconds
Domain Reload Profiling:
	ReloadAssembly (9350ms)
		BeginReloadAssembly (85ms)
			ExecutionOrderSort (0ms)
			DisableScriptedObjects (0ms)
			BackupInstance (0ms)
			ReleaseScriptingObjects (0ms)
			CreateAndSetChildDomain (1ms)
		EndReloadAssembly (789ms)
			LoadAssemblies (85ms)
			RebuildTransferFunctionScriptingTraits (0ms)
			SetupTypeCache (430ms)
			ReleaseScriptCaches (0ms)
			RebuildScriptCaches (35ms)
			SetupLoadedEditorAssemblies (244ms)
				LogAssemblyErrors (0ms)
				InitializePlatformSupportModulesInManaged (5ms)
				SetLoadedEditorAssemblies (0ms)
				RefreshPlugins (84ms)
				BeforeProcessingInitializeOnLoad (22ms)
				ProcessInitializeOnLoadAttributes (93ms)
				ProcessInitializeOnLoadMethodAttributes (41ms)
				AfterProcessingInitializeOnLoad (0ms)
				EditorAssembliesLoaded (0ms)
			ExecutionOrderSort2 (0ms)
			AwakeInstancesAfterBackupRestoration (0ms)
Platform modules already initialized, skipping
Registering precompiled user dll's ...
Registered in 0.005413 seconds.
Begin MonoManager ReloadAssembly
Native extension for WindowsStandalone target not found
Native extension for WebGL target not found
Refreshing native plugins compatible for Editor in 0.83 ms, found 2 plugins.
Preloading 0 native plugins for Editor in 0.00 ms.
Mono: successfully reloaded assembly
- Completed reload, in  1.451 seconds
Domain Reload Profiling:
	ReloadAssembly (1452ms)
		BeginReloadAssembly (208ms)
			ExecutionOrderSort (0ms)
			DisableScriptedObjects (5ms)
			BackupInstance (0ms)
			ReleaseScriptingObjects (0ms)
			CreateAndSetChildDomain (21ms)
		EndReloadAssembly (1161ms)
			LoadAssemblies (133ms)
			RebuildTransferFunctionScriptingTraits (0ms)
			SetupTypeCache (353ms)
			ReleaseScriptCaches (0ms)
			RebuildScriptCaches (50ms)
			SetupLoadedEditorAssemblies (525ms)
				LogAssemblyErrors (0ms)
				InitializePlatformSupportModulesInManaged (9ms)
				SetLoadedEditorAssemblies (1ms)
				RefreshPlugins (1ms)
				BeforeProcessingInitializeOnLoad (99ms)
				ProcessInitializeOnLoadAttributes (405ms)
				ProcessInitializeOnLoadMethodAttributes (7ms)
				AfterProcessingInitializeOnLoad (3ms)
				EditorAssembliesLoaded (0ms)
			ExecutionOrderSort2 (0ms)
			AwakeInstancesAfterBackupRestoration (8ms)
Platform modules already initialized, skipping
========================================================================
Worker process is ready to serve import requests
Launched and connected shader compiler UnityShaderCompiler.exe after 0.28 seconds
Refreshing native plugins compatible for Editor in 1.50 ms, found 2 plugins.
Preloading 0 native plugins for Editor in 0.00 ms.
Unloading 1424 Unused Serialized files (Serialized files now loaded: 0)
System memory in use before: 76.2 MB.
System memory in use after: 76.3 MB.

Unloading 18 unused Assets to reduce memory usage. Loaded Objects now: 1862.
Total: 4.268200 ms (FindLiveObjects: 0.374700 ms CreateObjectMapping: 0.120700 ms MarkObjects: 3.672100 ms  DeleteObjects: 0.097800 ms)

AssetImportParameters requested are different than current active one (requested -> active):
  custom:framework-win-MediaFoundation: 216162199b28c13a410421893ffa2e32 -> 
  custom:video-decoder-ogg-theora: a1e56fd34408186e4bbccfd4996cb3dc -> 
  custom:container-muxer-webm: aa71ff27fc2769a1b78a27578f13a17b -> 
  custom:container-demuxer-webm: 4f35f7cbe854078d1ac9338744f61a02 -> 
  custom:container-demuxer-ogg: 62fdf1f143b41e24485cea50d1cbac27 -> 
  custom:video-encoder-webm-vp8: eb34c28f22e8b96e1ab97ce403110664 -> 
  custom:video-decoder-webm-vp8: 9c59270c3fd7afecdb556c50c9e8de78 -> 
  custom:audio-decoder-ogg-vorbis: bf7c407c2cedff20999df2af8eb42d56 -> 
  custom:audio-encoder-webm-vorbis: bf7c407c2cedff20999df2af8eb42d56 -> 
========================================================================
Received Import Request.
  path: Assets/Art/Animation
  artifactKey: Guid(3136a3b64c44e3543b4589f66e2c4a2a) Importer(815301076,1909f56bfc062723c751e8b465ee728b)
Start importing Assets/Art/Animation using Guid(3136a3b64c44e3543b4589f66e2c4a2a) Importer(815301076,1909f56bfc062723c751e8b465ee728b)  -> (artifact id: 'eca7d0563c5509589428e4f0793b8901') in 0.027166 seconds 
  Import took 0.031257 seconds .

========================================================================
Received Import Request.
  Time since last request: 0.000192 seconds.
  path: Assets/Art/Animation/xbot@Walking(1).fbx
  artifactKey: Guid(6f7f0f3f90e09814982e3658ead6aceb) Importer(815301076,1909f56bfc062723c751e8b465ee728b)
Start importing Assets/Art/Animation/xbot@Walking(1).fbx using Guid(6f7f0f3f90e09814982e3658ead6aceb) Importer(815301076,1909f56bfc062723c751e8b465ee728b)  -> (artifact id: 'dfae0c45f44b9561165386eb92f92de6') in 0.064584 seconds 
  Import took 0.067339 seconds .

========================================================================
Received Import Request.
  Time since last request: 0.313227 seconds.
  path: Assets/Art/Animation/xbot@Walking(1).fbx
  artifactKey: Guid(6f7f0f3f90e09814982e3658ead6aceb) Importer(815301076,1909f56bfc062723c751e8b465ee728b)
Start importing Assets/Art/Animation/xbot@Walking(1).fbx using Guid(6f7f0f3f90e09814982e3658ead6aceb) Importer(815301076,1909f56bfc062723c751e8b465ee728b)  -> (artifact id: 'dfae0c45f44b9561165386eb92f92de6') in 0.010578 seconds 
  Import took 0.013778 seconds .

========================================================================
Received Import Request.
  Time since last request: 2.628792 seconds.
  path: Assets/Art/Animation/xbot@Walking(1).fbx
  artifactKey: Guid(6f7f0f3f90e09814982e3658ead6aceb) Importer(815301076,1909f56bfc062723c751e8b465ee728b)
Start importing Assets/Art/Animation/xbot@Walking(1).fbx using Guid(6f7f0f3f90e09814982e3658ead6aceb) Importer(815301076,1909f56bfc062723c751e8b465ee728b)  -> (artifact id: '033ade9e8228d9d8383c2c6e82436c18') in 0.015073 seconds 
  Import took 0.018409 seconds .

========================================================================
Received Import Request.
  Time since last request: 1.138062 seconds.
  path: Assets/Art/Animation/xbot@Breathing Idle.fbx
  artifactKey: Guid(9e15cf9af2d46ad4ba8013c31ab6ca1b) Importer(815301076,1909f56bfc062723c751e8b465ee728b)
Start importing Assets/Art/Animation/xbot@Breathing Idle.fbx using Guid(9e15cf9af2d46ad4ba8013c31ab6ca1b) Importer(815301076,1909f56bfc062723c751e8b465ee728b)  -> (artifact id: 'a74d5bfab75d164c12187cb5413e4d35') in 0.021431 seconds 
  Import took 0.025119 seconds .

AssetImportWorkerClient::OnTransportError - code=2 error=End of file
